<?xml version="1.0" encoding="UTF-8"?>
<!-- Generated by org.testng.reporters.JUnitReportReporter -->
<testsuite hostname="yuriQA" failures="0" tests="2" name="ApiTests" time="1.184" errors="0" timestamp="2025-01-24T07:59:44 BRT" skipped="0">
  <testcase classname="ApiTests" name="testGetUser" time="0.083"/>
  <testcase classname="ApiTests" name="testGetPost" time="1.101"/>
</testsuite> <!-- ApiTests -->
